<?xml version="1.0" encoding="UTF-8" standalone="no"?>
<testsuite errors="0" failures="1" name="io.cucumber.core.plugin.JUnitFormatter" skipped="0" tests="1" time="16.126">
    <testcase classname="US0013 Parametre Kullanimş" name="TC01 Parametre Kullanimi" time="15.692">
        <failure message="" type="java.lang.AssertionError"><![CDATA[Given User goes to "amazonUrl"..............................................passed
Then User waits for 2 seconds...............................................passed
Then User searches for Nutella..............................................passed
And User verifies that search results include "HamPetrol"...................failed

StackTrace:
java.lang.AssertionError
	at org.junit.Assert.fail(Assert.java:87)
	at org.junit.Assert.assertTrue(Assert.java:42)
	at org.junit.Assert.assertTrue(Assert.java:53)
	at stepDefinitions.AmazonSearchStepDefinitions.user_verifies_that_search_results_include(AmazonSearchStepDefinitions.java:44)
	at ✽.User verifies that search results include "HamPetrol"(file:///C:/Users/Admin/IdeaProjects/demo/CucumberDeneme/src/test/resources/features/US013_TrendYolSayfasindaHataAlma.feature:7)
]]></failure>
    </testcase>
</testsuite>
